{"ts": 1779708455.811, "event": "carry", "old": "aaaaaaaa", "new": "bbbbbbbb", "label": "My Session", "result": "wrote"}
{"ts": 1779708455.824, "event": "carry", "old": "aaaaaaaa", "new": "cccccccc", "label": "Old", "new_existing": "Fresh", "result": "skip"}
{"ts": 1779708455.825, "event": "carry", "old": "dddddddd", "new": "eeeeeeee", "label": null, "new_existing": null, "result": "skip"}
{"ts": 1779710611.228, "event": "announce", "resuming": true, "session_id": "f3239bdc-a831-4a05-b056-5d1d05e84e69", "sid8": "f3239bdc"}
{"ts": 1779710611.282, "event": "announce", "resuming": true, "session_id": "48847e45-eb2e-434b-a55c-daf864de7cc5", "sid8": "48847e45"}
{"ts": 1779712358.3, "event": "announce", "resuming": true, "session_id": "f3239bdc-a831-4a05-b056-5d1d05e84e69", "sid8": "f3239bdc"}
{"ts": 1779712358.346, "event": "announce", "resuming": true, "session_id": "48847e45-eb2e-434b-a55c-daf864de7cc5", "sid8": "48847e45"}
{"ts": 1779712840.436, "event": "announce", "resuming": false, "session_id": "e2362ea0-fee0-48b9-884f-3b1391814a6f", "sid8": "e2362ea0"}
{"ts": 1779717356.955, "event": "announce", "resuming": false, "session_id": "6ccc2220-e71a-4f51-a6e3-ee236386bcf7", "sid8": "6ccc2220"}
{"ts": 1779719484.366, "event": "announce", "resuming": false, "session_id": "0798100e-a713-415b-91c3-70e35c529a38", "sid8": "0798100e"}
{"ts": 1779812457.615, "event": "announce", "resuming": true, "session_id": "f9310a45-36b7-40a8-a64b-385ace4e1af4", "sid8": "f9310a45", "anchor_sid8": "f9310a45"}
{"ts": 1779812457.635, "event": "announce", "resuming": true, "session_id": "1ce9fc1f-a26b-4eac-be7b-75a40bcd666d", "sid8": "1ce9fc1f", "anchor_sid8": "1ce9fc1f"}
{"ts": 1779813032.013, "event": "announce", "resuming": true, "session_id": "f9310a45-36b7-40a8-a64b-385ace4e1af4", "sid8": "f9310a45", "anchor_sid8": "f9310a45"}
{"ts": 1779813032.033, "event": "announce", "resuming": true, "session_id": "1ce9fc1f-a26b-4eac-be7b-75a40bcd666d", "sid8": "1ce9fc1f", "anchor_sid8": "1ce9fc1f"}
{"ts": 1779813207.845, "event": "announce", "resuming": false, "session_id": "b53fca39-bf48-4638-acc8-32f4161c6dea", "sid8": "b53fca39", "anchor_sid8": "b53fca39"}
{"ts": 1779813239.176, "event": "announce", "resuming": false, "session_id": "b3c2b8dd-f39e-494e-bce7-11d74f55ab1f", "sid8": "b3c2b8dd", "anchor_sid8": "b3c2b8dd"}
{"ts": 1779815737.606, "event": "announce", "resuming": false, "session_id": "4041e159-75ff-4f75-9332-8393bfb9f774", "sid8": "4041e159", "anchor_sid8": "4041e159"}
{"ts": 1779817785.516, "event": "announce", "resuming": true, "session_id": "f9310a45-36b7-40a8-a64b-385ace4e1af4", "sid8": "f9310a45", "anchor_sid8": "f9310a45"}
{"ts": 1779817785.536, "event": "announce", "resuming": true, "session_id": "b53fca39-bf48-4638-acc8-32f4161c6dea", "sid8": "b53fca39", "anchor_sid8": "b53fca39"}
{"ts": 1779817785.553, "event": "announce", "resuming": true, "session_id": "4041e159-75ff-4f75-9332-8393bfb9f774", "sid8": "4041e159", "anchor_sid8": "4041e159"}
{"ts": 1779818771.959, "event": "announce", "resuming": true, "session_id": "f9310a45-36b7-40a8-a64b-385ace4e1af4", "sid8": "f9310a45", "anchor_sid8": "f9310a45"}
{"ts": 1779818772.018, "event": "announce", "resuming": true, "session_id": "b53fca39-bf48-4638-acc8-32f4161c6dea", "sid8": "b53fca39", "anchor_sid8": "b53fca39"}
{"ts": 1779818772.038, "event": "announce", "resuming": true, "session_id": "4041e159-75ff-4f75-9332-8393bfb9f774", "sid8": "4041e159", "anchor_sid8": "4041e159"}
{"ts": 1779819836.624, "event": "rotate", "prev": "b53fca39", "cur": "acf8fc80", "anchor_sid8": "b53fca39", "carry_prev": "no-label", "carry_anchor": "skip-eq"}
{"ts": 1779820196.528, "event": "announce", "resuming": false, "session_id": "3b333c4d-afb7-4ce7-8d59-757ca9ffb5b2", "sid8": "3b333c4d", "anchor_sid8": "3b333c4d"}
{"ts": 1779820308.935, "event": "announce", "resuming": false, "session_id": "83fe33b3-ff43-42ae-b7b5-5c29d25341f3", "sid8": "83fe33b3", "anchor_sid8": "83fe33b3"}
{"ts": 1779820584.175, "event": "announce", "resuming": false, "session_id": "be7867be-afb0-4ef2-802c-cbe1b3dbb7bd", "sid8": "be7867be", "anchor_sid8": "be7867be"}
{"ts": 1779820789.444, "event": "announce", "resuming": false, "session_id": "98592157-2e7b-4e3a-9334-8377288bdc06", "sid8": "98592157", "anchor_sid8": "98592157"}
{"ts": 1779821180.892, "event": "announce", "resuming": false, "session_id": "5a457944-aa07-4dc7-a99d-6e8c388cdae1", "sid8": "5a457944", "anchor_sid8": "5a457944"}
{"ts": 1779822290.75, "event": "announce", "resuming": false, "session_id": "df87219c-6005-4cb3-bb9a-e8583c9a6692", "sid8": "df87219c", "anchor_sid8": "df87219c"}
{"ts": 1779823145.312, "event": "rotate", "prev": "acf8fc80", "cur": "78e596a8", "anchor_sid8": "b53fca39", "carry_prev": "no-label", "carry_anchor": "no-label"}
{"ts": 1779824684.802, "event": "announce", "resuming": false, "session_id": "cf03bfe1-184b-45e6-9786-2422b3806062", "sid8": "cf03bfe1", "anchor_sid8": "cf03bfe1"}
{"ts": 1779825632.843, "event": "rotate", "prev": "78e596a8", "cur": "7c91117c", "anchor_sid8": "b53fca39", "carry_prev": "no-label", "carry_anchor": "no-label"}
{"ts": 1779828010.853, "event": "announce", "resuming": false, "session_id": "3a599ead-c7a9-4866-8ca7-2ee1de8e4dfc", "sid8": "3a599ead", "anchor_sid8": "3a599ead"}
{"ts": 1779829464.225, "event": "announce", "resuming": false, "session_id": "f4aadfed-d496-49e3-b6cb-1ad0fb5c29b4", "sid8": "f4aadfed", "anchor_sid8": "f4aadfed"}
{"ts": 1779830706.012, "event": "announce", "resuming": false, "session_id": "144c0ca2-b6db-42d2-997c-b663058203a3", "sid8": "144c0ca2", "anchor_sid8": "144c0ca2"}
{"ts": 1779862205.993, "event": "announce", "resuming": true, "session_id": "7c91117c-670f-4e95-83eb-86ca9b88800c", "sid8": "7c91117c", "anchor_sid8": "7c91117c"}
{"ts": 1779862206.03, "event": "announce", "resuming": true, "session_id": "3a599ead-c7a9-4866-8ca7-2ee1de8e4dfc", "sid8": "3a599ead", "anchor_sid8": "3a599ead"}
{"ts": 1779862206.048, "event": "announce", "resuming": true, "session_id": "144c0ca2-b6db-42d2-997c-b663058203a3", "sid8": "144c0ca2", "anchor_sid8": "144c0ca2"}
{"ts": 1779865418.018, "event": "announce", "resuming": false, "session_id": "55ea7bc0-063b-4f44-ad4b-01bf19b9583e", "sid8": "55ea7bc0", "anchor_sid8": "55ea7bc0"}
{"ts": 1779865749.28, "event": "announce", "resuming": false, "session_id": "201f195c-8d48-4a31-a6dc-830260ceeeae", "sid8": "201f195c", "anchor_sid8": "201f195c"}
{"ts": 1779868354.494, "event": "announce", "resuming": false, "session_id": "612683db-a112-4782-82ef-e57e9ce945e0", "sid8": "612683db", "anchor_sid8": "612683db"}
{"ts": 1779876155.307, "event": "announce", "resuming": false, "session_id": "a268b008-d5ee-47b1-8a22-2b772f5427d0", "sid8": "a268b008", "anchor_sid8": "a268b008"}
{"ts": 1779880114.764, "event": "rotate", "prev": "55ea7bc0", "cur": "6217a8d5", "anchor_sid8": "55ea7bc0", "carry_prev": "no-label", "carry_anchor": "skip-eq"}
{"ts": 1779886284.242, "event": "announce", "resuming": false, "session_id": "34ab5b53-f27e-4e5a-b93c-bfbbc56bf21d", "sid8": "34ab5b53", "anchor_sid8": "34ab5b53"}
{"ts": 1779887880.31, "event": "announce", "resuming": false, "session_id": "d4f287de-7373-4baa-9c07-2acc56a5a66b", "sid8": "d4f287de", "anchor_sid8": "d4f287de"}
{"ts": 1779888690.81, "event": "announce", "resuming": false, "session_id": "97dba361-6648-4153-8b05-616922fdd7ba", "sid8": "97dba361", "anchor_sid8": "97dba361"}
{"ts": 1779889398.474, "event": "rotate", "prev": "d4f287de", "cur": "e50113ed", "anchor_sid8": "d4f287de", "carry_prev": "no-label", "carry_anchor": "skip-eq"}
{"ts": 1779889543.14, "event": "announce", "resuming": false, "session_id": "c7986694-c0ec-4133-be02-a63333ccc6bb", "sid8": "c7986694", "anchor_sid8": "c7986694"}
{"ts": 1779890207.941, "event": "announce", "resuming": false, "session_id": "b072b8df-be14-42fa-8c8c-43405c3d9b9c", "sid8": "b072b8df", "anchor_sid8": "b072b8df"}
{"ts": 1779891080.392, "event": "announce", "resuming": false, "session_id": "db60ed8a-2cb5-4fa0-8f1b-7cd09cb8ba9c", "sid8": "db60ed8a", "anchor_sid8": "db60ed8a"}
{"ts": 1779950275.871, "event": "announce", "resuming": true, "session_id": "e50113ed-248d-4287-978f-8afa7643eb7f", "sid8": "e50113ed", "anchor_sid8": "e50113ed"}
{"ts": 1779950276.046, "event": "announce", "resuming": true, "session_id": "c7986694-c0ec-4133-be02-a63333ccc6bb", "sid8": "c7986694", "anchor_sid8": "c7986694"}
{"ts": 1779950276.11, "event": "announce", "resuming": true, "session_id": "b072b8df-be14-42fa-8c8c-43405c3d9b9c", "sid8": "b072b8df", "anchor_sid8": "b072b8df"}
{"ts": 1779950276.143, "event": "announce", "resuming": true, "session_id": "db60ed8a-2cb5-4fa0-8f1b-7cd09cb8ba9c", "sid8": "db60ed8a", "anchor_sid8": "db60ed8a"}
{"ts": 1779950284.55, "event": "announce", "resuming": false, "session_id": "5e39fc04-43bb-4cab-885c-46f6bf9cc0ce", "sid8": "5e39fc04", "anchor_sid8": "5e39fc04"}
{"ts": 1779953391.154, "event": "announce", "resuming": false, "session_id": "f4b2a5bc-c38e-41fe-a940-579519d1a6e4", "sid8": "f4b2a5bc", "anchor_sid8": "f4b2a5bc"}
{"ts": 1779956039.562, "event": "announce", "resuming": true, "session_id": "c7986694-c0ec-4133-be02-a63333ccc6bb", "sid8": "c7986694", "anchor_sid8": "c7986694"}
{"ts": 1779956039.579, "event": "announce", "resuming": true, "session_id": "db60ed8a-2cb5-4fa0-8f1b-7cd09cb8ba9c", "sid8": "db60ed8a", "anchor_sid8": "db60ed8a"}
{"ts": 1779956039.631, "event": "announce", "resuming": true, "session_id": "5e39fc04-43bb-4cab-885c-46f6bf9cc0ce", "sid8": "5e39fc04", "anchor_sid8": "5e39fc04"}
{"ts": 1779956039.651, "event": "announce", "resuming": true, "session_id": "f4b2a5bc-c38e-41fe-a940-579519d1a6e4", "sid8": "f4b2a5bc", "anchor_sid8": "f4b2a5bc"}
{"ts": 1779961344.618, "event": "announce", "resuming": false, "session_id": "9936cd86-8040-4e71-89bd-2c4d9aeca9fa", "sid8": "9936cd86", "anchor_sid8": "9936cd86"}
{"ts": 1779961646.689, "event": "announce", "resuming": false, "session_id": "7f67fe48-a4db-4af9-8a08-501e401cc18f", "sid8": "7f67fe48", "anchor_sid8": "7f67fe48"}
{"ts": 1779962029.752, "event": "announce", "resuming": false, "session_id": "d1a3b803-201d-4309-9798-13bd4c5210b4", "sid8": "d1a3b803", "anchor_sid8": "d1a3b803"}
{"ts": 1779962697.495, "event": "announce", "resuming": false, "session_id": "572ea7f7-7fe8-4244-a317-a7663bd0b041", "sid8": "572ea7f7", "anchor_sid8": "572ea7f7"}
{"ts": 1779964487.593, "event": "rotate", "prev": "d1a3b803", "cur": "f41737e5", "anchor_sid8": "d1a3b803", "carry_prev": "no-label", "carry_anchor": "skip-eq"}
{"ts": 1779966973.753, "event": "announce", "resuming": true, "session_id": "c7986694-c0ec-4133-be02-a63333ccc6bb", "sid8": "c7986694", "anchor_sid8": "c7986694"}
{"ts": 1779966973.797, "event": "announce", "resuming": true, "session_id": "5e39fc04-43bb-4cab-885c-46f6bf9cc0ce", "sid8": "5e39fc04", "anchor_sid8": "5e39fc04"}
{"ts": 1779966973.877, "event": "announce", "resuming": true, "session_id": "9936cd86-8040-4e71-89bd-2c4d9aeca9fa", "sid8": "9936cd86", "anchor_sid8": "9936cd86"}
{"ts": 1779966973.911, "event": "announce", "resuming": true, "session_id": "7f67fe48-a4db-4af9-8a08-501e401cc18f", "sid8": "7f67fe48", "anchor_sid8": "7f67fe48"}
{"ts": 1779966973.936, "event": "announce", "resuming": true, "session_id": "572ea7f7-7fe8-4244-a317-a7663bd0b041", "sid8": "572ea7f7", "anchor_sid8": "572ea7f7"}
{"ts": 1779966973.955, "event": "announce", "resuming": true, "session_id": "f41737e5-5e9c-4f6e-8f6e-3fb4fa5bb3fa", "sid8": "f41737e5", "anchor_sid8": "f41737e5"}
{"ts": 1779977267.208, "event": "rotate", "prev": "f41737e5", "cur": "4c2210ee", "anchor_sid8": "f41737e5", "carry_prev": "no-label", "carry_anchor": "skip-eq"}
{"ts": 1779978279.595, "event": "announce", "resuming": false, "session_id": "277d9053-864a-4a3f-8fe1-583775999e58", "sid8": "277d9053", "anchor_sid8": "277d9053"}
{"ts": 1779980518.465, "event": "rotate", "prev": "4c2210ee", "cur": "3760e65b", "anchor_sid8": "f41737e5", "carry_prev": "no-label", "carry_anchor": "no-label"}
{"ts": 1779985739.758, "event": "rotate", "prev": "277d9053", "cur": "fee49714", "anchor_sid8": "277d9053", "carry_prev": "no-label", "carry_anchor": "skip-eq"}
{"ts": 1779985970.574, "event": "announce", "resuming": false, "session_id": "1ca3391a-137e-4afc-ba35-0237c2fa5780", "sid8": "1ca3391a", "anchor_sid8": "1ca3391a"}
{"ts": 1779986274.413, "event": "rotate", "prev": "fee49714", "cur": "a9fe4749", "anchor_sid8": "277d9053", "carry_prev": "no-label", "carry_anchor": "no-label"}
{"ts": 1779986531.495, "event": "rotate", "prev": "3760e65b", "cur": "2ae1248b", "anchor_sid8": "f41737e5", "carry_prev": "no-label", "carry_anchor": "no-label"}
{"ts": 1779988358.468, "event": "announce", "resuming": false, "session_id": "2fbde8af-1cef-4169-af76-086281cd9502", "sid8": "2fbde8af", "anchor_sid8": "2fbde8af"}
{"ts": 1779990808.689, "event": "rotate", "prev": "a9fe4749", "cur": "caa72357", "anchor_sid8": "277d9053", "carry_prev": "no-label", "carry_anchor": "no-label"}
{"ts": 1780037216.717, "event": "announce", "resuming": true, "session_id": "c7986694-c0ec-4133-be02-a63333ccc6bb", "sid8": "c7986694", "anchor_sid8": "c7986694"}
{"ts": 1780037216.799, "event": "announce", "resuming": true, "session_id": "5e39fc04-43bb-4cab-885c-46f6bf9cc0ce", "sid8": "5e39fc04", "anchor_sid8": "5e39fc04"}
{"ts": 1780037216.855, "event": "announce", "resuming": true, "session_id": "9936cd86-8040-4e71-89bd-2c4d9aeca9fa", "sid8": "9936cd86", "anchor_sid8": "9936cd86"}
{"ts": 1780037216.897, "event": "announce", "resuming": true, "session_id": "7f67fe48-a4db-4af9-8a08-501e401cc18f", "sid8": "7f67fe48", "anchor_sid8": "7f67fe48"}
{"ts": 1780037216.919, "event": "announce", "resuming": true, "session_id": "572ea7f7-7fe8-4244-a317-a7663bd0b041", "sid8": "572ea7f7", "anchor_sid8": "572ea7f7"}
{"ts": 1780037216.941, "event": "announce", "resuming": true, "session_id": "2ae1248b-f800-4d0d-8db4-2a4c73d5359f", "sid8": "2ae1248b", "anchor_sid8": "2ae1248b"}
{"ts": 1780037216.969, "event": "announce", "resuming": true, "session_id": "2fbde8af-1cef-4169-af76-086281cd9502", "sid8": "2fbde8af", "anchor_sid8": "2fbde8af"}
{"ts": 1780037216.991, "event": "announce", "resuming": true, "session_id": "caa72357-a978-4189-886c-63cb3c858570", "sid8": "caa72357", "anchor_sid8": "caa72357"}
{"ts": 1780037978.674, "event": "rotate", "prev": "caa72357", "cur": "fa446492", "anchor_sid8": "caa72357", "carry_prev": "no-label", "carry_anchor": "skip-eq"}
{"ts": 1780039325.014, "event": "announce", "resuming": false, "session_id": "41896773-268d-4e1c-acfe-8140ba5d63de", "sid8": "41896773", "anchor_sid8": "41896773"}
{"ts": 1780040712.677, "event": "announce", "resuming": false, "session_id": "61d62e21-d6fc-4713-a129-567450982ffa", "sid8": "61d62e21", "anchor_sid8": "61d62e21"}
{"ts": 1780041039.081, "event": "announce", "resuming": false, "session_id": "7a1d1e2d-118b-40da-92be-6fa300bb7a9e", "sid8": "7a1d1e2d", "anchor_sid8": "7a1d1e2d"}
{"ts": 1780041593.242, "event": "rotate", "prev": "fa446492", "cur": "e0a88f49", "anchor_sid8": "caa72357", "carry_prev": "no-label", "carry_anchor": "no-label"}
{"ts": 1780041842.668, "event": "announce", "resuming": false, "session_id": "330dea7d-c7cd-4e53-8f54-d42aa2eac8be", "sid8": "330dea7d", "anchor_sid8": "330dea7d"}
{"ts": 1780042154.28, "event": "announce", "resuming": false, "session_id": "86344868-b7fa-4e35-a0a2-d42d8f6daf83", "sid8": "86344868", "anchor_sid8": "86344868"}
{"ts": 1780045666.057, "event": "rotate", "prev": "e0a88f49", "cur": "885d6702", "anchor_sid8": "caa72357", "carry_prev": "no-label", "carry_anchor": "no-label"}
{"ts": 1780049653.02, "event": "rotate", "prev": "885d6702", "cur": "03861733", "anchor_sid8": "caa72357", "carry_prev": "no-label", "carry_anchor": "no-label"}
{"ts": 1780049915.327, "event": "announce", "resuming": false, "session_id": "dd3ee072-da63-4adb-9db7-1cc4383c0da7", "sid8": "dd3ee072", "anchor_sid8": "dd3ee072"}
{"ts": 1780050458.525, "event": "announce", "resuming": false, "session_id": "fd13a7a7-b765-442e-8dc8-631ad736e4e9", "sid8": "fd13a7a7", "anchor_sid8": "fd13a7a7"}
{"ts": 1780050834.156, "event": "announce", "resuming": false, "session_id": "e291b8fc-d19f-4016-92c3-1d6fdd3bfd0d", "sid8": "e291b8fc", "anchor_sid8": "e291b8fc"}
{"ts": 1780051365.445, "event": "announce", "resuming": true, "session_id": "7f67fe48-a4db-4af9-8a08-501e401cc18f", "sid8": "7f67fe48", "anchor_sid8": "7f67fe48"}
{"ts": 1780051365.494, "event": "announce", "resuming": true, "session_id": "2ae1248b-f800-4d0d-8db4-2a4c73d5359f", "sid8": "2ae1248b", "anchor_sid8": "2ae1248b"}
{"ts": 1780051365.527, "event": "announce", "resuming": true, "session_id": "61d62e21-d6fc-4713-a129-567450982ffa", "sid8": "61d62e21", "anchor_sid8": "61d62e21"}
{"ts": 1780051365.555, "event": "announce", "resuming": true, "session_id": "03861733-5da7-40aa-9dd8-90011b2cc950", "sid8": "03861733", "anchor_sid8": "03861733"}
{"ts": 1780051365.598, "event": "announce", "resuming": true, "session_id": "dd3ee072-da63-4adb-9db7-1cc4383c0da7", "sid8": "dd3ee072", "anchor_sid8": "dd3ee072"}
{"ts": 1780051365.625, "event": "announce", "resuming": true, "session_id": "fd13a7a7-b765-442e-8dc8-631ad736e4e9", "sid8": "fd13a7a7", "anchor_sid8": "fd13a7a7"}
{"ts": 1780051365.658, "event": "announce", "resuming": true, "session_id": "e291b8fc-d19f-4016-92c3-1d6fdd3bfd0d", "sid8": "e291b8fc", "anchor_sid8": "e291b8fc"}
{"ts": 1780057190.251, "event": "announce", "resuming": false, "session_id": "4a7041b5-6fec-46c4-9a64-f764b60981a5", "sid8": "4a7041b5", "anchor_sid8": "4a7041b5"}
{"ts": 1780061897.411, "event": "announce", "resuming": true, "session_id": "7f67fe48-a4db-4af9-8a08-501e401cc18f", "sid8": "7f67fe48", "anchor_sid8": "7f67fe48"}
{"ts": 1780061897.539, "event": "announce", "resuming": true, "session_id": "2ae1248b-f800-4d0d-8db4-2a4c73d5359f", "sid8": "2ae1248b", "anchor_sid8": "2ae1248b"}
{"ts": 1780061897.598, "event": "announce", "resuming": true, "session_id": "61d62e21-d6fc-4713-a129-567450982ffa", "sid8": "61d62e21", "anchor_sid8": "61d62e21"}
{"ts": 1780061897.651, "event": "announce", "resuming": true, "session_id": "dd3ee072-da63-4adb-9db7-1cc4383c0da7", "sid8": "dd3ee072", "anchor_sid8": "dd3ee072"}
{"ts": 1780061897.714, "event": "announce", "resuming": true, "session_id": "fd13a7a7-b765-442e-8dc8-631ad736e4e9", "sid8": "fd13a7a7", "anchor_sid8": "fd13a7a7"}
{"ts": 1780061897.752, "event": "announce", "resuming": true, "session_id": "e291b8fc-d19f-4016-92c3-1d6fdd3bfd0d", "sid8": "e291b8fc", "anchor_sid8": "e291b8fc"}
{"ts": 1780061897.793, "event": "announce", "resuming": true, "session_id": "4a7041b5-6fec-46c4-9a64-f764b60981a5", "sid8": "4a7041b5", "anchor_sid8": "4a7041b5"}
{"ts": 1780065625.284, "event": "announce", "resuming": false, "session_id": "a371f683-80fe-4d33-a97b-7c521cdb9a01", "sid8": "a371f683", "anchor_sid8": "a371f683"}
{"ts": 1780074137.903, "event": "announce", "resuming": false, "session_id": "3cd9d646-1c46-4454-a40e-794f9809641a", "sid8": "3cd9d646", "anchor_sid8": "3cd9d646"}
{"ts": 1780075945.188, "event": "announce", "resuming": false, "session_id": "37975cd2-0d11-406a-9e71-48d1c6774d99", "sid8": "37975cd2", "anchor_sid8": "37975cd2"}
{"ts": 1780078635.244, "event": "announce", "resuming": false, "session_id": "c0dd1afb-64a6-44dc-9ab0-29430b4e9cd8", "sid8": "c0dd1afb", "anchor_sid8": "c0dd1afb"}
{"ts": 1780079374.432, "event": "announce", "resuming": true, "session_id": "7f67fe48-a4db-4af9-8a08-501e401cc18f", "sid8": "7f67fe48", "anchor_sid8": "7f67fe48"}
{"ts": 1780079374.551, "event": "announce", "resuming": true, "session_id": "2ae1248b-f800-4d0d-8db4-2a4c73d5359f", "sid8": "2ae1248b", "anchor_sid8": "2ae1248b"}
{"ts": 1780079374.585, "event": "announce", "resuming": true, "session_id": "61d62e21-d6fc-4713-a129-567450982ffa", "sid8": "61d62e21", "anchor_sid8": "61d62e21"}
{"ts": 1780079374.612, "event": "announce", "resuming": true, "session_id": "fd13a7a7-b765-442e-8dc8-631ad736e4e9", "sid8": "fd13a7a7", "anchor_sid8": "fd13a7a7"}
{"ts": 1780079374.637, "event": "announce", "resuming": true, "session_id": "e291b8fc-d19f-4016-92c3-1d6fdd3bfd0d", "sid8": "e291b8fc", "anchor_sid8": "e291b8fc"}
{"ts": 1780079374.665, "event": "announce", "resuming": true, "session_id": "4a7041b5-6fec-46c4-9a64-f764b60981a5", "sid8": "4a7041b5", "anchor_sid8": "4a7041b5"}
{"ts": 1780079374.691, "event": "announce", "resuming": true, "session_id": "a371f683-80fe-4d33-a97b-7c521cdb9a01", "sid8": "a371f683", "anchor_sid8": "a371f683"}
{"ts": 1780079374.727, "event": "announce", "resuming": true, "session_id": "3cd9d646-1c46-4454-a40e-794f9809641a", "sid8": "3cd9d646", "anchor_sid8": "3cd9d646"}
{"ts": 1780079374.764, "event": "announce", "resuming": true, "session_id": "37975cd2-0d11-406a-9e71-48d1c6774d99", "sid8": "37975cd2", "anchor_sid8": "37975cd2"}
{"ts": 1780079374.801, "event": "announce", "resuming": true, "session_id": "c0dd1afb-64a6-44dc-9ab0-29430b4e9cd8", "sid8": "c0dd1afb", "anchor_sid8": "c0dd1afb"}
{"ts": 1780080064.257, "event": "announce", "resuming": true, "session_id": "7f67fe48-a4db-4af9-8a08-501e401cc18f", "sid8": "7f67fe48", "anchor_sid8": "7f67fe48"}
{"ts": 1780080064.372, "event": "announce", "resuming": true, "session_id": "2ae1248b-f800-4d0d-8db4-2a4c73d5359f", "sid8": "2ae1248b", "anchor_sid8": "2ae1248b"}
{"ts": 1780080064.448, "event": "announce", "resuming": true, "session_id": "61d62e21-d6fc-4713-a129-567450982ffa", "sid8": "61d62e21", "anchor_sid8": "61d62e21"}
{"ts": 1780080064.48, "event": "announce", "resuming": true, "session_id": "fd13a7a7-b765-442e-8dc8-631ad736e4e9", "sid8": "fd13a7a7", "anchor_sid8": "fd13a7a7"}
{"ts": 1780080064.522, "event": "announce", "resuming": true, "session_id": "e291b8fc-d19f-4016-92c3-1d6fdd3bfd0d", "sid8": "e291b8fc", "anchor_sid8": "e291b8fc"}
{"ts": 1780080064.556, "event": "announce", "resuming": true, "session_id": "4a7041b5-6fec-46c4-9a64-f764b60981a5", "sid8": "4a7041b5", "anchor_sid8": "4a7041b5"}
{"ts": 1780080064.59, "event": "announce", "resuming": true, "session_id": "a371f683-80fe-4d33-a97b-7c521cdb9a01", "sid8": "a371f683", "anchor_sid8": "a371f683"}
{"ts": 1780080064.634, "event": "announce", "resuming": true, "session_id": "3cd9d646-1c46-4454-a40e-794f9809641a", "sid8": "3cd9d646", "anchor_sid8": "3cd9d646"}
{"ts": 1780080064.663, "event": "announce", "resuming": true, "session_id": "37975cd2-0d11-406a-9e71-48d1c6774d99", "sid8": "37975cd2", "anchor_sid8": "37975cd2"}
{"ts": 1780080064.732, "event": "announce", "resuming": true, "session_id": "c0dd1afb-64a6-44dc-9ab0-29430b4e9cd8", "sid8": "c0dd1afb", "anchor_sid8": "c0dd1afb"}
{"ts": 1780080510.964, "event": "announce", "resuming": true, "session_id": "7f67fe48-a4db-4af9-8a08-501e401cc18f", "sid8": "7f67fe48", "anchor_sid8": "7f67fe48"}
{"ts": 1780080510.986, "event": "announce", "resuming": true, "session_id": "2ae1248b-f800-4d0d-8db4-2a4c73d5359f", "sid8": "2ae1248b", "anchor_sid8": "2ae1248b"}
{"ts": 1780080511.06, "event": "announce", "resuming": true, "session_id": "61d62e21-d6fc-4713-a129-567450982ffa", "sid8": "61d62e21", "anchor_sid8": "61d62e21"}
{"ts": 1780080511.082, "event": "announce", "resuming": true, "session_id": "fd13a7a7-b765-442e-8dc8-631ad736e4e9", "sid8": "fd13a7a7", "anchor_sid8": "fd13a7a7"}
{"ts": 1780080511.111, "event": "announce", "resuming": true, "session_id": "e291b8fc-d19f-4016-92c3-1d6fdd3bfd0d", "sid8": "e291b8fc", "anchor_sid8": "e291b8fc"}
{"ts": 1780080511.135, "event": "announce", "resuming": true, "session_id": "4a7041b5-6fec-46c4-9a64-f764b60981a5", "sid8": "4a7041b5", "anchor_sid8": "4a7041b5"}
{"ts": 1780080511.156, "event": "announce", "resuming": true, "session_id": "a371f683-80fe-4d33-a97b-7c521cdb9a01", "sid8": "a371f683", "anchor_sid8": "a371f683"}
{"ts": 1780080511.18, "event": "announce", "resuming": true, "session_id": "3cd9d646-1c46-4454-a40e-794f9809641a", "sid8": "3cd9d646", "anchor_sid8": "3cd9d646"}
{"ts": 1780080511.202, "event": "announce", "resuming": true, "session_id": "37975cd2-0d11-406a-9e71-48d1c6774d99", "sid8": "37975cd2", "anchor_sid8": "37975cd2"}
{"ts": 1780080511.227, "event": "announce", "resuming": true, "session_id": "c0dd1afb-64a6-44dc-9ab0-29430b4e9cd8", "sid8": "c0dd1afb", "anchor_sid8": "c0dd1afb"}
{"ts": 1780080789.072, "event": "announce", "resuming": true, "session_id": "7f67fe48-a4db-4af9-8a08-501e401cc18f", "sid8": "7f67fe48", "anchor_sid8": "7f67fe48"}
{"ts": 1780080789.131, "event": "announce", "resuming": true, "session_id": "2ae1248b-f800-4d0d-8db4-2a4c73d5359f", "sid8": "2ae1248b", "anchor_sid8": "2ae1248b"}
{"ts": 1780080789.146, "event": "announce", "resuming": true, "session_id": "61d62e21-d6fc-4713-a129-567450982ffa", "sid8": "61d62e21", "anchor_sid8": "61d62e21"}
{"ts": 1780080789.166, "event": "announce", "resuming": true, "session_id": "fd13a7a7-b765-442e-8dc8-631ad736e4e9", "sid8": "fd13a7a7", "anchor_sid8": "fd13a7a7"}
{"ts": 1780080789.183, "event": "announce", "resuming": true, "session_id": "e291b8fc-d19f-4016-92c3-1d6fdd3bfd0d", "sid8": "e291b8fc", "anchor_sid8": "e291b8fc"}
{"ts": 1780080789.205, "event": "announce", "resuming": true, "session_id": "4a7041b5-6fec-46c4-9a64-f764b60981a5", "sid8": "4a7041b5", "anchor_sid8": "4a7041b5"}
{"ts": 1780080789.228, "event": "announce", "resuming": true, "session_id": "a371f683-80fe-4d33-a97b-7c521cdb9a01", "sid8": "a371f683", "anchor_sid8": "a371f683"}
{"ts": 1780080789.245, "event": "announce", "resuming": true, "session_id": "3cd9d646-1c46-4454-a40e-794f9809641a", "sid8": "3cd9d646", "anchor_sid8": "3cd9d646"}
{"ts": 1780080789.273, "event": "announce", "resuming": true, "session_id": "37975cd2-0d11-406a-9e71-48d1c6774d99", "sid8": "37975cd2", "anchor_sid8": "37975cd2"}
{"ts": 1780080789.287, "event": "announce", "resuming": true, "session_id": "c0dd1afb-64a6-44dc-9ab0-29430b4e9cd8", "sid8": "c0dd1afb", "anchor_sid8": "c0dd1afb"}
{"ts": 1780081013.161, "event": "announce", "resuming": true, "session_id": "7f67fe48-a4db-4af9-8a08-501e401cc18f", "sid8": "7f67fe48", "anchor_sid8": "7f67fe48"}
{"ts": 1780081013.175, "event": "announce", "resuming": true, "session_id": "2ae1248b-f800-4d0d-8db4-2a4c73d5359f", "sid8": "2ae1248b", "anchor_sid8": "2ae1248b"}
{"ts": 1780081013.213, "event": "announce", "resuming": true, "session_id": "61d62e21-d6fc-4713-a129-567450982ffa", "sid8": "61d62e21", "anchor_sid8": "61d62e21"}
{"ts": 1780081013.237, "event": "announce", "resuming": true, "session_id": "fd13a7a7-b765-442e-8dc8-631ad736e4e9", "sid8": "fd13a7a7", "anchor_sid8": "fd13a7a7"}
{"ts": 1780081013.254, "event": "announce", "resuming": true, "session_id": "e291b8fc-d19f-4016-92c3-1d6fdd3bfd0d", "sid8": "e291b8fc", "anchor_sid8": "e291b8fc"}
{"ts": 1780081013.273, "event": "announce", "resuming": true, "session_id": "4a7041b5-6fec-46c4-9a64-f764b60981a5", "sid8": "4a7041b5", "anchor_sid8": "4a7041b5"}
{"ts": 1780081013.291, "event": "announce", "resuming": true, "session_id": "a371f683-80fe-4d33-a97b-7c521cdb9a01", "sid8": "a371f683", "anchor_sid8": "a371f683"}
{"ts": 1780081013.312, "event": "announce", "resuming": true, "session_id": "3cd9d646-1c46-4454-a40e-794f9809641a", "sid8": "3cd9d646", "anchor_sid8": "3cd9d646"}
{"ts": 1780081013.329, "event": "announce", "resuming": true, "session_id": "37975cd2-0d11-406a-9e71-48d1c6774d99", "sid8": "37975cd2", "anchor_sid8": "37975cd2"}
{"ts": 1780081013.35, "event": "announce", "resuming": true, "session_id": "c0dd1afb-64a6-44dc-9ab0-29430b4e9cd8", "sid8": "c0dd1afb", "anchor_sid8": "c0dd1afb"}
{"ts": 1780081236.038, "event": "announce", "resuming": false, "session_id": "887d0b8a-564b-4a2c-8bdf-b631b7d9867f", "sid8": "887d0b8a", "anchor_sid8": "887d0b8a"}
{"ts": 1780081428.44, "event": "announce", "resuming": true, "session_id": "7f67fe48-a4db-4af9-8a08-501e401cc18f", "sid8": "7f67fe48", "anchor_sid8": "7f67fe48"}
{"ts": 1780081428.482, "event": "announce", "resuming": true, "session_id": "2ae1248b-f800-4d0d-8db4-2a4c73d5359f", "sid8": "2ae1248b", "anchor_sid8": "2ae1248b"}
{"ts": 1780081428.509, "event": "announce", "resuming": true, "session_id": "61d62e21-d6fc-4713-a129-567450982ffa", "sid8": "61d62e21", "anchor_sid8": "61d62e21"}
{"ts": 1780081428.53, "event": "announce", "resuming": true, "session_id": "fd13a7a7-b765-442e-8dc8-631ad736e4e9", "sid8": "fd13a7a7", "anchor_sid8": "fd13a7a7"}
{"ts": 1780081428.549, "event": "announce", "resuming": true, "session_id": "e291b8fc-d19f-4016-92c3-1d6fdd3bfd0d", "sid8": "e291b8fc", "anchor_sid8": "e291b8fc"}
{"ts": 1780081428.565, "event": "announce", "resuming": true, "session_id": "4a7041b5-6fec-46c4-9a64-f764b60981a5", "sid8": "4a7041b5", "anchor_sid8": "4a7041b5"}
{"ts": 1780081428.59, "event": "announce", "resuming": true, "session_id": "a371f683-80fe-4d33-a97b-7c521cdb9a01", "sid8": "a371f683", "anchor_sid8": "a371f683"}
{"ts": 1780081428.606, "event": "announce", "resuming": true, "session_id": "3cd9d646-1c46-4454-a40e-794f9809641a", "sid8": "3cd9d646", "anchor_sid8": "3cd9d646"}
{"ts": 1780081428.625, "event": "announce", "resuming": true, "session_id": "37975cd2-0d11-406a-9e71-48d1c6774d99", "sid8": "37975cd2", "anchor_sid8": "37975cd2"}
{"ts": 1780081428.646, "event": "announce", "resuming": true, "session_id": "c0dd1afb-64a6-44dc-9ab0-29430b4e9cd8", "sid8": "c0dd1afb", "anchor_sid8": "c0dd1afb"}
{"ts": 1780081428.658, "event": "announce", "resuming": true, "session_id": "887d0b8a-564b-4a2c-8bdf-b631b7d9867f", "sid8": "887d0b8a", "anchor_sid8": "887d0b8a"}
{"ts": 1780081497.36, "event": "rotate", "prev": "887d0b8a", "cur": "41a4487b", "anchor_sid8": "887d0b8a", "carry_prev": "no-label", "carry_anchor": "skip-eq"}
{"ts": 1780081852.639, "event": "rotate", "prev": "41a4487b", "cur": "2e668026", "anchor_sid8": "887d0b8a", "carry_prev": "no-label", "carry_anchor": "no-label"}
{"ts": 1780081949.169, "event": "announce", "resuming": false, "session_id": "64e57f04-ffd4-4179-80f7-8d412fead0f5", "sid8": "64e57f04", "anchor_sid8": "64e57f04"}
{"ts": 1780083141.597, "event": "announce", "resuming": true, "session_id": "7f67fe48-a4db-4af9-8a08-501e401cc18f", "sid8": "7f67fe48", "anchor_sid8": "7f67fe48"}
{"ts": 1780083141.676, "event": "announce", "resuming": true, "session_id": "2ae1248b-f800-4d0d-8db4-2a4c73d5359f", "sid8": "2ae1248b", "anchor_sid8": "2ae1248b"}
{"ts": 1780083141.712, "event": "announce", "resuming": true, "session_id": "61d62e21-d6fc-4713-a129-567450982ffa", "sid8": "61d62e21", "anchor_sid8": "61d62e21"}
{"ts": 1780083141.732, "event": "announce", "resuming": true, "session_id": "fd13a7a7-b765-442e-8dc8-631ad736e4e9", "sid8": "fd13a7a7", "anchor_sid8": "fd13a7a7"}
{"ts": 1780083141.755, "event": "announce", "resuming": true, "session_id": "e291b8fc-d19f-4016-92c3-1d6fdd3bfd0d", "sid8": "e291b8fc", "anchor_sid8": "e291b8fc"}
{"ts": 1780083141.773, "event": "announce", "resuming": true, "session_id": "4a7041b5-6fec-46c4-9a64-f764b60981a5", "sid8": "4a7041b5", "anchor_sid8": "4a7041b5"}
{"ts": 1780083141.793, "event": "announce", "resuming": true, "session_id": "a371f683-80fe-4d33-a97b-7c521cdb9a01", "sid8": "a371f683", "anchor_sid8": "a371f683"}
{"ts": 1780083141.818, "event": "announce", "resuming": true, "session_id": "3cd9d646-1c46-4454-a40e-794f9809641a", "sid8": "3cd9d646", "anchor_sid8": "3cd9d646"}
{"ts": 1780083141.836, "event": "announce", "resuming": true, "session_id": "37975cd2-0d11-406a-9e71-48d1c6774d99", "sid8": "37975cd2", "anchor_sid8": "37975cd2"}
{"ts": 1780083141.861, "event": "announce", "resuming": true, "session_id": "c0dd1afb-64a6-44dc-9ab0-29430b4e9cd8", "sid8": "c0dd1afb", "anchor_sid8": "c0dd1afb"}
{"ts": 1780083141.907, "event": "announce", "resuming": true, "session_id": "2e668026-2b6d-473d-a8d8-fd1a25bc7efd", "sid8": "2e668026", "anchor_sid8": "2e668026"}
{"ts": 1780083141.943, "event": "announce", "resuming": true, "session_id": "64e57f04-ffd4-4179-80f7-8d412fead0f5", "sid8": "64e57f04", "anchor_sid8": "64e57f04"}
{"ts": 1780083817.037, "event": "rotate", "prev": "64e57f04", "cur": "c3140e1f", "anchor_sid8": "64e57f04", "carry_prev": "no-label", "carry_anchor": "skip-eq"}
{"ts": 1780083889.581, "event": "announce", "resuming": true, "session_id": "7f67fe48-a4db-4af9-8a08-501e401cc18f", "sid8": "7f67fe48", "anchor_sid8": "7f67fe48"}
{"ts": 1780083889.637, "event": "announce", "resuming": true, "session_id": "2ae1248b-f800-4d0d-8db4-2a4c73d5359f", "sid8": "2ae1248b", "anchor_sid8": "2ae1248b"}
{"ts": 1780083889.656, "event": "announce", "resuming": true, "session_id": "61d62e21-d6fc-4713-a129-567450982ffa", "sid8": "61d62e21", "anchor_sid8": "61d62e21"}
{"ts": 1780083889.676, "event": "announce", "resuming": true, "session_id": "fd13a7a7-b765-442e-8dc8-631ad736e4e9", "sid8": "fd13a7a7", "anchor_sid8": "fd13a7a7"}
{"ts": 1780083889.708, "event": "announce", "resuming": true, "session_id": "e291b8fc-d19f-4016-92c3-1d6fdd3bfd0d", "sid8": "e291b8fc", "anchor_sid8": "e291b8fc"}
{"ts": 1780083889.733, "event": "announce", "resuming": true, "session_id": "4a7041b5-6fec-46c4-9a64-f764b60981a5", "sid8": "4a7041b5", "anchor_sid8": "4a7041b5"}
{"ts": 1780083889.757, "event": "announce", "resuming": true, "session_id": "a371f683-80fe-4d33-a97b-7c521cdb9a01", "sid8": "a371f683", "anchor_sid8": "a371f683"}
{"ts": 1780083889.78, "event": "announce", "resuming": true, "session_id": "3cd9d646-1c46-4454-a40e-794f9809641a", "sid8": "3cd9d646", "anchor_sid8": "3cd9d646"}
{"ts": 1780083889.808, "event": "announce", "resuming": true, "session_id": "37975cd2-0d11-406a-9e71-48d1c6774d99", "sid8": "37975cd2", "anchor_sid8": "37975cd2"}
{"ts": 1780083889.848, "event": "announce", "resuming": true, "session_id": "c0dd1afb-64a6-44dc-9ab0-29430b4e9cd8", "sid8": "c0dd1afb", "anchor_sid8": "c0dd1afb"}
{"ts": 1780083889.9, "event": "announce", "resuming": true, "session_id": "2e668026-2b6d-473d-a8d8-fd1a25bc7efd", "sid8": "2e668026", "anchor_sid8": "2e668026"}
{"ts": 1780083889.962, "event": "announce", "resuming": true, "session_id": "c3140e1f-8c83-48cb-a24e-529aee55e9fb", "sid8": "c3140e1f", "anchor_sid8": "c3140e1f"}
{"ts": 1780084500.618, "event": "announce", "resuming": false, "session_id": "b2e3bea8-2eff-4f11-9792-07b1922ff8d3", "sid8": "b2e3bea8", "anchor_sid8": "b2e3bea8"}
{"ts": 1780084558.607, "event": "announce", "resuming": false, "session_id": "64a86eef-4e1b-4b90-bc10-e9c1d4fe0139", "sid8": "64a86eef", "anchor_sid8": "64a86eef"}
{"ts": 1780086133.033, "event": "announce", "resuming": true, "session_id": "7f67fe48-a4db-4af9-8a08-501e401cc18f", "sid8": "7f67fe48", "anchor_sid8": "7f67fe48"}
{"ts": 1780086133.07, "event": "announce", "resuming": true, "session_id": "2ae1248b-f800-4d0d-8db4-2a4c73d5359f", "sid8": "2ae1248b", "anchor_sid8": "2ae1248b"}
{"ts": 1780086133.098, "event": "announce", "resuming": true, "session_id": "61d62e21-d6fc-4713-a129-567450982ffa", "sid8": "61d62e21", "anchor_sid8": "61d62e21"}
{"ts": 1780086133.116, "event": "announce", "resuming": true, "session_id": "fd13a7a7-b765-442e-8dc8-631ad736e4e9", "sid8": "fd13a7a7", "anchor_sid8": "fd13a7a7"}
{"ts": 1780086133.143, "event": "announce", "resuming": true, "session_id": "e291b8fc-d19f-4016-92c3-1d6fdd3bfd0d", "sid8": "e291b8fc", "anchor_sid8": "e291b8fc"}
{"ts": 1780086133.181, "event": "announce", "resuming": true, "session_id": "4a7041b5-6fec-46c4-9a64-f764b60981a5", "sid8": "4a7041b5", "anchor_sid8": "4a7041b5"}
{"ts": 1780086133.207, "event": "announce", "resuming": true, "session_id": "a371f683-80fe-4d33-a97b-7c521cdb9a01", "sid8": "a371f683", "anchor_sid8": "a371f683"}
{"ts": 1780086133.234, "event": "announce", "resuming": true, "session_id": "3cd9d646-1c46-4454-a40e-794f9809641a", "sid8": "3cd9d646", "anchor_sid8": "3cd9d646"}
{"ts": 1780086133.254, "event": "announce", "resuming": true, "session_id": "37975cd2-0d11-406a-9e71-48d1c6774d99", "sid8": "37975cd2", "anchor_sid8": "37975cd2"}
{"ts": 1780086133.274, "event": "announce", "resuming": true, "session_id": "c0dd1afb-64a6-44dc-9ab0-29430b4e9cd8", "sid8": "c0dd1afb", "anchor_sid8": "c0dd1afb"}
{"ts": 1780086133.298, "event": "announce", "resuming": true, "session_id": "c3140e1f-8c83-48cb-a24e-529aee55e9fb", "sid8": "c3140e1f", "anchor_sid8": "c3140e1f"}
{"ts": 1780086133.332, "event": "announce", "resuming": true, "session_id": "2e668026-2b6d-473d-a8d8-fd1a25bc7efd", "sid8": "2e668026", "anchor_sid8": "2e668026"}
{"ts": 1780086133.369, "event": "announce", "resuming": true, "session_id": "64a86eef-4e1b-4b90-bc10-e9c1d4fe0139", "sid8": "64a86eef", "anchor_sid8": "64a86eef"}
{"ts": 1780086133.404, "event": "announce", "resuming": true, "session_id": "b2e3bea8-2eff-4f11-9792-07b1922ff8d3", "sid8": "b2e3bea8", "anchor_sid8": "b2e3bea8"}
{"ts": 1780087720.482, "event": "announce", "resuming": true, "session_id": "7f67fe48-a4db-4af9-8a08-501e401cc18f", "sid8": "7f67fe48", "anchor_sid8": "7f67fe48"}
{"ts": 1780087720.505, "event": "announce", "resuming": true, "session_id": "2ae1248b-f800-4d0d-8db4-2a4c73d5359f", "sid8": "2ae1248b", "anchor_sid8": "2ae1248b"}
{"ts": 1780087720.524, "event": "announce", "resuming": true, "session_id": "61d62e21-d6fc-4713-a129-567450982ffa", "sid8": "61d62e21", "anchor_sid8": "61d62e21"}
{"ts": 1780087720.546, "event": "announce", "resuming": true, "session_id": "fd13a7a7-b765-442e-8dc8-631ad736e4e9", "sid8": "fd13a7a7", "anchor_sid8": "fd13a7a7"}
{"ts": 1780087720.559, "event": "announce", "resuming": true, "session_id": "e291b8fc-d19f-4016-92c3-1d6fdd3bfd0d", "sid8": "e291b8fc", "anchor_sid8": "e291b8fc"}
{"ts": 1780087720.572, "event": "announce", "resuming": true, "session_id": "4a7041b5-6fec-46c4-9a64-f764b60981a5", "sid8": "4a7041b5", "anchor_sid8": "4a7041b5"}
{"ts": 1780087720.59, "event": "announce", "resuming": true, "session_id": "a371f683-80fe-4d33-a97b-7c521cdb9a01", "sid8": "a371f683", "anchor_sid8": "a371f683"}
{"ts": 1780087720.609, "event": "announce", "resuming": true, "session_id": "3cd9d646-1c46-4454-a40e-794f9809641a", "sid8": "3cd9d646", "anchor_sid8": "3cd9d646"}
{"ts": 1780087720.625, "event": "announce", "resuming": true, "session_id": "37975cd2-0d11-406a-9e71-48d1c6774d99", "sid8": "37975cd2", "anchor_sid8": "37975cd2"}
{"ts": 1780087720.638, "event": "announce", "resuming": true, "session_id": "2e668026-2b6d-473d-a8d8-fd1a25bc7efd", "sid8": "2e668026", "anchor_sid8": "2e668026"}
{"ts": 1780087720.658, "event": "announce", "resuming": true, "session_id": "c0dd1afb-64a6-44dc-9ab0-29430b4e9cd8", "sid8": "c0dd1afb", "anchor_sid8": "c0dd1afb"}
{"ts": 1780087720.682, "event": "announce", "resuming": true, "session_id": "c3140e1f-8c83-48cb-a24e-529aee55e9fb", "sid8": "c3140e1f", "anchor_sid8": "c3140e1f"}
{"ts": 1780087720.714, "event": "announce", "resuming": true, "session_id": "64a86eef-4e1b-4b90-bc10-e9c1d4fe0139", "sid8": "64a86eef", "anchor_sid8": "64a86eef"}
{"ts": 1780087720.754, "event": "announce", "resuming": true, "session_id": "b2e3bea8-2eff-4f11-9792-07b1922ff8d3", "sid8": "b2e3bea8", "anchor_sid8": "b2e3bea8"}
{"ts": 1780090716.269, "event": "announce", "resuming": true, "session_id": "7f67fe48-a4db-4af9-8a08-501e401cc18f", "sid8": "7f67fe48", "anchor_sid8": "7f67fe48"}
{"ts": 1780090716.283, "event": "announce", "resuming": true, "session_id": "2ae1248b-f800-4d0d-8db4-2a4c73d5359f", "sid8": "2ae1248b", "anchor_sid8": "2ae1248b"}
{"ts": 1780090716.305, "event": "announce", "resuming": true, "session_id": "61d62e21-d6fc-4713-a129-567450982ffa", "sid8": "61d62e21", "anchor_sid8": "61d62e21"}
{"ts": 1780090716.319, "event": "announce", "resuming": true, "session_id": "fd13a7a7-b765-442e-8dc8-631ad736e4e9", "sid8": "fd13a7a7", "anchor_sid8": "fd13a7a7"}
{"ts": 1780090716.336, "event": "announce", "resuming": true, "session_id": "e291b8fc-d19f-4016-92c3-1d6fdd3bfd0d", "sid8": "e291b8fc", "anchor_sid8": "e291b8fc"}
{"ts": 1780090716.348, "event": "announce", "resuming": true, "session_id": "4a7041b5-6fec-46c4-9a64-f764b60981a5", "sid8": "4a7041b5", "anchor_sid8": "4a7041b5"}
{"ts": 1780090716.364, "event": "announce", "resuming": true, "session_id": "a371f683-80fe-4d33-a97b-7c521cdb9a01", "sid8": "a371f683", "anchor_sid8": "a371f683"}
{"ts": 1780090716.38, "event": "announce", "resuming": true, "session_id": "3cd9d646-1c46-4454-a40e-794f9809641a", "sid8": "3cd9d646", "anchor_sid8": "3cd9d646"}
{"ts": 1780090716.397, "event": "announce", "resuming": true, "session_id": "37975cd2-0d11-406a-9e71-48d1c6774d99", "sid8": "37975cd2", "anchor_sid8": "37975cd2"}
{"ts": 1780090716.416, "event": "announce", "resuming": true, "session_id": "c0dd1afb-64a6-44dc-9ab0-29430b4e9cd8", "sid8": "c0dd1afb", "anchor_sid8": "c0dd1afb"}
{"ts": 1780090716.429, "event": "announce", "resuming": true, "session_id": "2e668026-2b6d-473d-a8d8-fd1a25bc7efd", "sid8": "2e668026", "anchor_sid8": "2e668026"}
{"ts": 1780090716.448, "event": "announce", "resuming": true, "session_id": "c3140e1f-8c83-48cb-a24e-529aee55e9fb", "sid8": "c3140e1f", "anchor_sid8": "c3140e1f"}
{"ts": 1780090716.463, "event": "announce", "resuming": true, "session_id": "b2e3bea8-2eff-4f11-9792-07b1922ff8d3", "sid8": "b2e3bea8", "anchor_sid8": "b2e3bea8"}
{"ts": 1780090716.479, "event": "announce", "resuming": true, "session_id": "64a86eef-4e1b-4b90-bc10-e9c1d4fe0139", "sid8": "64a86eef", "anchor_sid8": "64a86eef"}
{"ts": 1780159415.196, "event": "announce", "resuming": true, "session_id": "7f67fe48-a4db-4af9-8a08-501e401cc18f", "sid8": "7f67fe48", "anchor_sid8": "7f67fe48"}
{"ts": 1780159415.232, "event": "announce", "resuming": true, "session_id": "2ae1248b-f800-4d0d-8db4-2a4c73d5359f", "sid8": "2ae1248b", "anchor_sid8": "2ae1248b"}
{"ts": 1780159415.259, "event": "announce", "resuming": true, "session_id": "61d62e21-d6fc-4713-a129-567450982ffa", "sid8": "61d62e21", "anchor_sid8": "61d62e21"}
{"ts": 1780159415.275, "event": "announce", "resuming": true, "session_id": "fd13a7a7-b765-442e-8dc8-631ad736e4e9", "sid8": "fd13a7a7", "anchor_sid8": "fd13a7a7"}
{"ts": 1780159415.29, "event": "announce", "resuming": true, "session_id": "e291b8fc-d19f-4016-92c3-1d6fdd3bfd0d", "sid8": "e291b8fc", "anchor_sid8": "e291b8fc"}
{"ts": 1780159415.311, "event": "announce", "resuming": true, "session_id": "4a7041b5-6fec-46c4-9a64-f764b60981a5", "sid8": "4a7041b5", "anchor_sid8": "4a7041b5"}
{"ts": 1780159415.325, "event": "announce", "resuming": true, "session_id": "a371f683-80fe-4d33-a97b-7c521cdb9a01", "sid8": "a371f683", "anchor_sid8": "a371f683"}
{"ts": 1780159415.353, "event": "announce", "resuming": true, "session_id": "3cd9d646-1c46-4454-a40e-794f9809641a", "sid8": "3cd9d646", "anchor_sid8": "3cd9d646"}
{"ts": 1780159415.366, "event": "announce", "resuming": true, "session_id": "37975cd2-0d11-406a-9e71-48d1c6774d99", "sid8": "37975cd2", "anchor_sid8": "37975cd2"}
{"ts": 1780159415.387, "event": "announce", "resuming": true, "session_id": "c0dd1afb-64a6-44dc-9ab0-29430b4e9cd8", "sid8": "c0dd1afb", "anchor_sid8": "c0dd1afb"}
{"ts": 1780159415.412, "event": "announce", "resuming": true, "session_id": "2e668026-2b6d-473d-a8d8-fd1a25bc7efd", "sid8": "2e668026", "anchor_sid8": "2e668026"}
{"ts": 1780159415.429, "event": "announce", "resuming": true, "session_id": "c3140e1f-8c83-48cb-a24e-529aee55e9fb", "sid8": "c3140e1f", "anchor_sid8": "c3140e1f"}
{"ts": 1780159415.447, "event": "announce", "resuming": true, "session_id": "b2e3bea8-2eff-4f11-9792-07b1922ff8d3", "sid8": "b2e3bea8", "anchor_sid8": "b2e3bea8"}
{"ts": 1780159415.466, "event": "announce", "resuming": true, "session_id": "64a86eef-4e1b-4b90-bc10-e9c1d4fe0139", "sid8": "64a86eef", "anchor_sid8": "64a86eef"}
{"ts": 1780160104.991, "event": "rotate", "prev": "b2e3bea8", "cur": "b64229ad", "anchor_sid8": "b2e3bea8", "carry_prev": "no-label", "carry_anchor": "skip-eq"}
{"ts": 1780162423.593, "event": "announce", "resuming": true, "session_id": "7f67fe48-a4db-4af9-8a08-501e401cc18f", "sid8": "7f67fe48", "anchor_sid8": "7f67fe48"}
{"ts": 1780162423.642, "event": "announce", "resuming": true, "session_id": "2ae1248b-f800-4d0d-8db4-2a4c73d5359f", "sid8": "2ae1248b", "anchor_sid8": "2ae1248b"}
{"ts": 1780162423.665, "event": "announce", "resuming": true, "session_id": "61d62e21-d6fc-4713-a129-567450982ffa", "sid8": "61d62e21", "anchor_sid8": "61d62e21"}
{"ts": 1780162423.678, "event": "announce", "resuming": true, "session_id": "fd13a7a7-b765-442e-8dc8-631ad736e4e9", "sid8": "fd13a7a7", "anchor_sid8": "fd13a7a7"}
{"ts": 1780162423.694, "event": "announce", "resuming": true, "session_id": "e291b8fc-d19f-4016-92c3-1d6fdd3bfd0d", "sid8": "e291b8fc", "anchor_sid8": "e291b8fc"}
{"ts": 1780162423.708, "event": "announce", "resuming": true, "session_id": "4a7041b5-6fec-46c4-9a64-f764b60981a5", "sid8": "4a7041b5", "anchor_sid8": "4a7041b5"}
{"ts": 1780162423.734, "event": "announce", "resuming": true, "session_id": "a371f683-80fe-4d33-a97b-7c521cdb9a01", "sid8": "a371f683", "anchor_sid8": "a371f683"}
{"ts": 1780162423.751, "event": "announce", "resuming": true, "session_id": "3cd9d646-1c46-4454-a40e-794f9809641a", "sid8": "3cd9d646", "anchor_sid8": "3cd9d646"}
{"ts": 1780162423.774, "event": "announce", "resuming": true, "session_id": "37975cd2-0d11-406a-9e71-48d1c6774d99", "sid8": "37975cd2", "anchor_sid8": "37975cd2"}
{"ts": 1780162423.796, "event": "announce", "resuming": true, "session_id": "c0dd1afb-64a6-44dc-9ab0-29430b4e9cd8", "sid8": "c0dd1afb", "anchor_sid8": "c0dd1afb"}
{"ts": 1780162423.81, "event": "announce", "resuming": true, "session_id": "2e668026-2b6d-473d-a8d8-fd1a25bc7efd", "sid8": "2e668026", "anchor_sid8": "2e668026"}
{"ts": 1780162423.827, "event": "announce", "resuming": true, "session_id": "c3140e1f-8c83-48cb-a24e-529aee55e9fb", "sid8": "c3140e1f", "anchor_sid8": "c3140e1f"}
{"ts": 1780162423.844, "event": "announce", "resuming": true, "session_id": "64a86eef-4e1b-4b90-bc10-e9c1d4fe0139", "sid8": "64a86eef", "anchor_sid8": "64a86eef"}
{"ts": 1780162423.866, "event": "announce", "resuming": true, "session_id": "b64229ad-02c8-4090-9512-c3a2ec4a399f", "sid8": "b64229ad", "anchor_sid8": "b64229ad"}
{"ts": 1780162639.228, "event": "rotate", "prev": "b64229ad", "cur": "439e61bf", "anchor_sid8": "b64229ad", "carry_prev": "no-label", "carry_anchor": "skip-eq"}
{"ts": 1780163803.775, "event": "announce", "resuming": true, "session_id": "7f67fe48-a4db-4af9-8a08-501e401cc18f", "sid8": "7f67fe48", "anchor_sid8": "7f67fe48"}
{"ts": 1780163803.843, "event": "announce", "resuming": true, "session_id": "2ae1248b-f800-4d0d-8db4-2a4c73d5359f", "sid8": "2ae1248b", "anchor_sid8": "2ae1248b"}
{"ts": 1780163803.87, "event": "announce", "resuming": true, "session_id": "61d62e21-d6fc-4713-a129-567450982ffa", "sid8": "61d62e21", "anchor_sid8": "61d62e21"}
{"ts": 1780163803.886, "event": "announce", "resuming": true, "session_id": "fd13a7a7-b765-442e-8dc8-631ad736e4e9", "sid8": "fd13a7a7", "anchor_sid8": "fd13a7a7"}
{"ts": 1780163803.901, "event": "announce", "resuming": true, "session_id": "e291b8fc-d19f-4016-92c3-1d6fdd3bfd0d", "sid8": "e291b8fc", "anchor_sid8": "e291b8fc"}
{"ts": 1780163803.933, "event": "announce", "resuming": true, "session_id": "4a7041b5-6fec-46c4-9a64-f764b60981a5", "sid8": "4a7041b5", "anchor_sid8": "4a7041b5"}
{"ts": 1780163803.974, "event": "announce", "resuming": true, "session_id": "a371f683-80fe-4d33-a97b-7c521cdb9a01", "sid8": "a371f683", "anchor_sid8": "a371f683"}
{"ts": 1780163803.999, "event": "announce", "resuming": true, "session_id": "3cd9d646-1c46-4454-a40e-794f9809641a", "sid8": "3cd9d646", "anchor_sid8": "3cd9d646"}
{"ts": 1780163804.017, "event": "announce", "resuming": true, "session_id": "37975cd2-0d11-406a-9e71-48d1c6774d99", "sid8": "37975cd2", "anchor_sid8": "37975cd2"}
{"ts": 1780163804.036, "event": "announce", "resuming": true, "session_id": "c0dd1afb-64a6-44dc-9ab0-29430b4e9cd8", "sid8": "c0dd1afb", "anchor_sid8": "c0dd1afb"}
{"ts": 1780163804.06, "event": "announce", "resuming": true, "session_id": "2e668026-2b6d-473d-a8d8-fd1a25bc7efd", "sid8": "2e668026", "anchor_sid8": "2e668026"}
{"ts": 1780163804.074, "event": "announce", "resuming": true, "session_id": "c3140e1f-8c83-48cb-a24e-529aee55e9fb", "sid8": "c3140e1f", "anchor_sid8": "c3140e1f"}
{"ts": 1780163804.091, "event": "announce", "resuming": true, "session_id": "64a86eef-4e1b-4b90-bc10-e9c1d4fe0139", "sid8": "64a86eef", "anchor_sid8": "64a86eef"}
{"ts": 1780163804.109, "event": "announce", "resuming": true, "session_id": "439e61bf-a97b-42db-9068-afdea8888dc7", "sid8": "439e61bf", "anchor_sid8": "439e61bf"}
{"ts": 1780165750.494, "event": "announce", "resuming": true, "session_id": "7f67fe48-a4db-4af9-8a08-501e401cc18f", "sid8": "7f67fe48", "anchor_sid8": "7f67fe48"}
{"ts": 1780165750.529, "event": "announce", "resuming": true, "session_id": "2ae1248b-f800-4d0d-8db4-2a4c73d5359f", "sid8": "2ae1248b", "anchor_sid8": "2ae1248b"}
{"ts": 1780165750.543, "event": "announce", "resuming": true, "session_id": "61d62e21-d6fc-4713-a129-567450982ffa", "sid8": "61d62e21", "anchor_sid8": "61d62e21"}
{"ts": 1780165750.563, "event": "announce", "resuming": true, "session_id": "fd13a7a7-b765-442e-8dc8-631ad736e4e9", "sid8": "fd13a7a7", "anchor_sid8": "fd13a7a7"}
{"ts": 1780165750.584, "event": "announce", "resuming": true, "session_id": "e291b8fc-d19f-4016-92c3-1d6fdd3bfd0d", "sid8": "e291b8fc", "anchor_sid8": "e291b8fc"}
{"ts": 1780165750.603, "event": "announce", "resuming": true, "session_id": "4a7041b5-6fec-46c4-9a64-f764b60981a5", "sid8": "4a7041b5", "anchor_sid8": "4a7041b5"}
{"ts": 1780165750.617, "event": "announce", "resuming": true, "session_id": "a371f683-80fe-4d33-a97b-7c521cdb9a01", "sid8": "a371f683", "anchor_sid8": "a371f683"}
{"ts": 1780165750.63, "event": "announce", "resuming": true, "session_id": "3cd9d646-1c46-4454-a40e-794f9809641a", "sid8": "3cd9d646", "anchor_sid8": "3cd9d646"}
{"ts": 1780165750.646, "event": "announce", "resuming": true, "session_id": "37975cd2-0d11-406a-9e71-48d1c6774d99", "sid8": "37975cd2", "anchor_sid8": "37975cd2"}
{"ts": 1780165750.665, "event": "announce", "resuming": true, "session_id": "c0dd1afb-64a6-44dc-9ab0-29430b4e9cd8", "sid8": "c0dd1afb", "anchor_sid8": "c0dd1afb"}
{"ts": 1780165750.677, "event": "announce", "resuming": true, "session_id": "2e668026-2b6d-473d-a8d8-fd1a25bc7efd", "sid8": "2e668026", "anchor_sid8": "2e668026"}
{"ts": 1780165750.696, "event": "announce", "resuming": true, "session_id": "c3140e1f-8c83-48cb-a24e-529aee55e9fb", "sid8": "c3140e1f", "anchor_sid8": "c3140e1f"}
{"ts": 1780165750.708, "event": "announce", "resuming": true, "session_id": "64a86eef-4e1b-4b90-bc10-e9c1d4fe0139", "sid8": "64a86eef", "anchor_sid8": "64a86eef"}
{"ts": 1780165750.724, "event": "announce", "resuming": true, "session_id": "439e61bf-a97b-42db-9068-afdea8888dc7", "sid8": "439e61bf", "anchor_sid8": "439e61bf"}
{"ts": 1780165818.159, "event": "announce", "resuming": true, "session_id": "7f67fe48-a4db-4af9-8a08-501e401cc18f", "sid8": "7f67fe48", "anchor_sid8": "7f67fe48"}
{"ts": 1780165818.211, "event": "announce", "resuming": true, "session_id": "2ae1248b-f800-4d0d-8db4-2a4c73d5359f", "sid8": "2ae1248b", "anchor_sid8": "2ae1248b"}
{"ts": 1780165818.227, "event": "announce", "resuming": true, "session_id": "61d62e21-d6fc-4713-a129-567450982ffa", "sid8": "61d62e21", "anchor_sid8": "61d62e21"}
{"ts": 1780165818.243, "event": "announce", "resuming": true, "session_id": "fd13a7a7-b765-442e-8dc8-631ad736e4e9", "sid8": "fd13a7a7", "anchor_sid8": "fd13a7a7"}
{"ts": 1780165818.265, "event": "announce", "resuming": true, "session_id": "e291b8fc-d19f-4016-92c3-1d6fdd3bfd0d", "sid8": "e291b8fc", "anchor_sid8": "e291b8fc"}
{"ts": 1780165818.28, "event": "announce", "resuming": true, "session_id": "4a7041b5-6fec-46c4-9a64-f764b60981a5", "sid8": "4a7041b5", "anchor_sid8": "4a7041b5"}
{"ts": 1780165818.297, "event": "announce", "resuming": true, "session_id": "a371f683-80fe-4d33-a97b-7c521cdb9a01", "sid8": "a371f683", "anchor_sid8": "a371f683"}
{"ts": 1780165818.309, "event": "announce", "resuming": true, "session_id": "37975cd2-0d11-406a-9e71-48d1c6774d99", "sid8": "37975cd2", "anchor_sid8": "37975cd2"}
{"ts": 1780165818.327, "event": "announce", "resuming": true, "session_id": "3cd9d646-1c46-4454-a40e-794f9809641a", "sid8": "3cd9d646", "anchor_sid8": "3cd9d646"}
{"ts": 1780165818.35, "event": "announce", "resuming": true, "session_id": "2e668026-2b6d-473d-a8d8-fd1a25bc7efd", "sid8": "2e668026", "anchor_sid8": "2e668026"}
{"ts": 1780165818.372, "event": "announce", "resuming": true, "session_id": "c0dd1afb-64a6-44dc-9ab0-29430b4e9cd8", "sid8": "c0dd1afb", "anchor_sid8": "c0dd1afb"}
{"ts": 1780165818.389, "event": "announce", "resuming": true, "session_id": "c3140e1f-8c83-48cb-a24e-529aee55e9fb", "sid8": "c3140e1f", "anchor_sid8": "c3140e1f"}
{"ts": 1780165818.409, "event": "announce", "resuming": true, "session_id": "64a86eef-4e1b-4b90-bc10-e9c1d4fe0139", "sid8": "64a86eef", "anchor_sid8": "64a86eef"}
{"ts": 1780165818.436, "event": "announce", "resuming": true, "session_id": "439e61bf-a97b-42db-9068-afdea8888dc7", "sid8": "439e61bf", "anchor_sid8": "439e61bf"}
{"ts": 1780166218.082, "event": "announce", "resuming": true, "session_id": "7f67fe48-a4db-4af9-8a08-501e401cc18f", "sid8": "7f67fe48", "anchor_sid8": "7f67fe48"}
{"ts": 1780166218.124, "event": "announce", "resuming": true, "session_id": "2ae1248b-f800-4d0d-8db4-2a4c73d5359f", "sid8": "2ae1248b", "anchor_sid8": "2ae1248b"}
{"ts": 1780166218.147, "event": "announce", "resuming": true, "session_id": "61d62e21-d6fc-4713-a129-567450982ffa", "sid8": "61d62e21", "anchor_sid8": "61d62e21"}
{"ts": 1780166218.165, "event": "announce", "resuming": true, "session_id": "fd13a7a7-b765-442e-8dc8-631ad736e4e9", "sid8": "fd13a7a7", "anchor_sid8": "fd13a7a7"}
{"ts": 1780166218.18, "event": "announce", "resuming": true, "session_id": "e291b8fc-d19f-4016-92c3-1d6fdd3bfd0d", "sid8": "e291b8fc", "anchor_sid8": "e291b8fc"}
{"ts": 1780166218.195, "event": "announce", "resuming": true, "session_id": "4a7041b5-6fec-46c4-9a64-f764b60981a5", "sid8": "4a7041b5", "anchor_sid8": "4a7041b5"}
{"ts": 1780166218.215, "event": "announce", "resuming": true, "session_id": "a371f683-80fe-4d33-a97b-7c521cdb9a01", "sid8": "a371f683", "anchor_sid8": "a371f683"}
{"ts": 1780166218.228, "event": "announce", "resuming": true, "session_id": "3cd9d646-1c46-4454-a40e-794f9809641a", "sid8": "3cd9d646", "anchor_sid8": "3cd9d646"}
{"ts": 1780166218.244, "event": "announce", "resuming": true, "session_id": "37975cd2-0d11-406a-9e71-48d1c6774d99", "sid8": "37975cd2", "anchor_sid8": "37975cd2"}
{"ts": 1780166218.258, "event": "announce", "resuming": true, "session_id": "c0dd1afb-64a6-44dc-9ab0-29430b4e9cd8", "sid8": "c0dd1afb", "anchor_sid8": "c0dd1afb"}
{"ts": 1780166218.275, "event": "announce", "resuming": true, "session_id": "2e668026-2b6d-473d-a8d8-fd1a25bc7efd", "sid8": "2e668026", "anchor_sid8": "2e668026"}
{"ts": 1780166218.287, "event": "announce", "resuming": true, "session_id": "c3140e1f-8c83-48cb-a24e-529aee55e9fb", "sid8": "c3140e1f", "anchor_sid8": "c3140e1f"}
{"ts": 1780166218.307, "event": "announce", "resuming": true, "session_id": "64a86eef-4e1b-4b90-bc10-e9c1d4fe0139", "sid8": "64a86eef", "anchor_sid8": "64a86eef"}
{"ts": 1780166218.394, "event": "announce", "resuming": true, "session_id": "439e61bf-a97b-42db-9068-afdea8888dc7", "sid8": "439e61bf", "anchor_sid8": "439e61bf"}
{"ts": 1780166494.802, "event": "announce", "resuming": true, "session_id": "7f67fe48-a4db-4af9-8a08-501e401cc18f", "sid8": "7f67fe48", "anchor_sid8": "7f67fe48"}
{"ts": 1780166494.82, "event": "announce", "resuming": true, "session_id": "2ae1248b-f800-4d0d-8db4-2a4c73d5359f", "sid8": "2ae1248b", "anchor_sid8": "2ae1248b"}
{"ts": 1780166494.862, "event": "announce", "resuming": true, "session_id": "61d62e21-d6fc-4713-a129-567450982ffa", "sid8": "61d62e21", "anchor_sid8": "61d62e21"}
{"ts": 1780166494.892, "event": "announce", "resuming": true, "session_id": "fd13a7a7-b765-442e-8dc8-631ad736e4e9", "sid8": "fd13a7a7", "anchor_sid8": "fd13a7a7"}
{"ts": 1780166494.904, "event": "announce", "resuming": true, "session_id": "e291b8fc-d19f-4016-92c3-1d6fdd3bfd0d", "sid8": "e291b8fc", "anchor_sid8": "e291b8fc"}
{"ts": 1780166494.918, "event": "announce", "resuming": true, "session_id": "4a7041b5-6fec-46c4-9a64-f764b60981a5", "sid8": "4a7041b5", "anchor_sid8": "4a7041b5"}
{"ts": 1780166494.936, "event": "announce", "resuming": true, "session_id": "a371f683-80fe-4d33-a97b-7c521cdb9a01", "sid8": "a371f683", "anchor_sid8": "a371f683"}
{"ts": 1780166494.951, "event": "announce", "resuming": true, "session_id": "3cd9d646-1c46-4454-a40e-794f9809641a", "sid8": "3cd9d646", "anchor_sid8": "3cd9d646"}
{"ts": 1780166494.963, "event": "announce", "resuming": true, "session_id": "37975cd2-0d11-406a-9e71-48d1c6774d99", "sid8": "37975cd2", "anchor_sid8": "37975cd2"}
{"ts": 1780166494.981, "event": "announce", "resuming": true, "session_id": "c0dd1afb-64a6-44dc-9ab0-29430b4e9cd8", "sid8": "c0dd1afb", "anchor_sid8": "c0dd1afb"}
{"ts": 1780166494.997, "event": "announce", "resuming": true, "session_id": "2e668026-2b6d-473d-a8d8-fd1a25bc7efd", "sid8": "2e668026", "anchor_sid8": "2e668026"}
{"ts": 1780166495.012, "event": "announce", "resuming": true, "session_id": "c3140e1f-8c83-48cb-a24e-529aee55e9fb", "sid8": "c3140e1f", "anchor_sid8": "c3140e1f"}
{"ts": 1780166495.028, "event": "announce", "resuming": true, "session_id": "64a86eef-4e1b-4b90-bc10-e9c1d4fe0139", "sid8": "64a86eef", "anchor_sid8": "64a86eef"}
{"ts": 1780166495.09, "event": "announce", "resuming": true, "session_id": "439e61bf-a97b-42db-9068-afdea8888dc7", "sid8": "439e61bf", "anchor_sid8": "439e61bf"}
{"ts": 1780166618.846, "event": "announce", "resuming": false, "session_id": "0b0f2049-af02-40cb-b125-e29f6096e016", "sid8": "0b0f2049", "anchor_sid8": "0b0f2049"}
{"ts": 1780166650.373, "event": "announce", "resuming": false, "session_id": "63750f50-78dc-4cf3-99bb-97f1a9cc3e86", "sid8": "63750f50", "anchor_sid8": "63750f50"}
{"ts": 1780168293.039, "event": "announce", "resuming": false, "session_id": "97b46aa3-5ba3-4d7f-bc45-5e14539c9bb3", "sid8": "97b46aa3", "anchor_sid8": "97b46aa3"}
{"ts": 1780168544.069, "event": "announce", "resuming": false, "session_id": "233cf954-ce07-4854-8d33-8d02a6278193", "sid8": "233cf954", "anchor_sid8": "233cf954"}
{"ts": 1780168866.035, "event": "announce", "resuming": false, "session_id": "234a9b87-83bb-4433-827f-e3b81454234a", "sid8": "234a9b87", "anchor_sid8": "234a9b87"}
